{
  "RSpec": {
    "coverage": {
      "/Users/Alex/Projects/lightbox/lib/lightbox.rb": [
        1,
        1,
        1,
        1,
        1,
        null,
        1,
        1,
        1,
        null,
        1,
        1,
        1,
        null,
        1,
        1,
        28,
        108,
        1,
        1,
        null,
        1,
        0,
        null,
        null,
        1,
        0,
        0,
        0,
        null,
        null,
        1,
        0,
        0,
        null,
        null,
        1,
        0,
        0,
        null,
        null,
        1,
        0,
        null,
        null,
        1,
        2,
        null,
        null,
        null,
        1,
        null
      ],
      "/Users/Alex/Projects/lightbox/lib/controllers/application.rb": [
        1,
        null,
        1,
        11,
        null,
        null,
        null
      ],
      "/Users/Alex/Projects/lightbox/lib/controllers/users.rb": [
        1,
        null,
        1,
        8,
        null,
        null,
        1,
        7,
        null,
        null,
        null,
        7,
        6,
        6,
        6,
        null,
        1,
        1,
        null,
        null,
        null,
        null,
        1,
        6,
        null,
        null,
        1,
        5,
        5,
        null,
        5,
        4,
        4,
        4,
        null,
        1,
        1,
        null,
        null,
        null,
        1,
        1,
        1,
        1,
        null,
        null,
        1,
        72,
        null,
        null,
        null,
        null
      ],
      "/Users/Alex/Projects/lightbox/lib/data_mapper_setup.rb": [
        1,
        null,
        1,
        null,
        1,
        null,
        1,
        null,
        1,
        null,
        1,
        null
      ],
      "/Users/Alex/Projects/lightbox/lib/models/user.rb": [
        1,
        null,
        1,
        null,
        1,
        null,
        1,
        1,
        1,
        1,
        1,
        1,
        null,
        1,
        5,
        5,
        4,
        null,
        null,
        null,
        null,
        null,
        1,
        7,
        7,
        null,
        null,
        1,
        1,
        1,
        1,
        1,
        null,
        null,
        null,
        null
      ]
    },
    "timestamp": 1422015997
  }
}