{
  "RSpec": {
    "coverage": {
      "/Users/Alex/Projects/ruby/Lightbox/lib/lightbox.rb": [
        1,
        1,
        1,
        1,
        1,
        null,
        1,
        1,
        1,
        1,
        1,
        1,
        1,
        1,
        1,
        null,
        1,
        null,
        1,
        1,
        49,
        195,
        1,
        1,
        null,
        null,
        1,
        null
      ],
      "/Users/Alex/Projects/ruby/Lightbox/lib/controllers/helpers.rb": [
        1,
        72,
        null,
        null,
        1,
        11,
        null,
        null,
        null,
        null,
        null,
        null,
        null,
        null,
        1,
        11,
        10,
        10,
        10,
        null,
        null,
        null,
        1,
        4,
        4,
        4,
        3,
        3,
        3,
        null,
        null,
        null,
        1,
        13,
        13,
        13,
        1,
        1,
        null,
        null,
        12,
        1,
        1,
        null,
        null,
        null,
        1,
        65,
        null,
        null,
        1,
        1,
        null,
        null,
        null,
        null,
        1,
        null
      ],
      "/Users/Alex/Projects/ruby/Lightbox/lib/controllers/application.rb": [
        1,
        null,
        1,
        24,
        24,
        null,
        null
      ],
      "/Users/Alex/Projects/ruby/Lightbox/lib/controllers/sign_up.rb": [
        1,
        1,
        16,
        null,
        null,
        1,
        13,
        11,
        11,
        1,
        1,
        null,
        null
      ],
      "/Users/Alex/Projects/ruby/Lightbox/lib/controllers/login.rb": [
        1,
        null,
        1,
        5,
        null,
        null,
        1,
        4,
        1,
        1,
        null,
        null,
        1,
        1,
        1,
        1,
        null,
        null,
        null,
        null
      ],
      "/Users/Alex/Projects/ruby/Lightbox/lib/controllers/rooms.rb": [
        1,
        null,
        1,
        0,
        0,
        0,
        null,
        null,
        1,
        2,
        2,
        2,
        null,
        null,
        1,
        1,
        1,
        1,
        1,
        null,
        null,
        null
      ],
      "/Users/Alex/Projects/ruby/Lightbox/lib/controllers/new_room.rb": [
        1,
        null,
        1,
        5,
        5,
        5,
        5,
        null,
        null
      ],
      "/Users/Alex/Projects/ruby/Lightbox/lib/controllers/encryption.rb": [
        1,
        null,
        1,
        0,
        0,
        0,
        0,
        null,
        0,
        null,
        null
      ],
      "/Users/Alex/Projects/ruby/Lightbox/lib/controllers/referrals.rb": [
        1,
        null,
        1,
        1,
        null,
        null,
        1,
        1,
        1,
        1,
        1,
        null,
        null,
        1,
        0,
        0,
        null,
        null,
        null
      ],
      "/Users/Alex/Projects/ruby/Lightbox/lib/data_mapper_setup.rb": [
        1,
        null,
        1,
        null,
        1,
        null,
        1,
        1,
        null,
        1,
        null,
        1
      ],
      "/Users/Alex/Projects/ruby/Lightbox/lib/models/user.rb": [
        1,
        null,
        1,
        null,
        1,
        null,
        1,
        1,
        1,
        1,
        1,
        1,
        1,
        null,
        1,
        4,
        4,
        3,
        null,
        null,
        null,
        null,
        null,
        1,
        11,
        11,
        null,
        null,
        1,
        1,
        1,
        1,
        1,
        1,
        1,
        null,
        null
      ],
      "/Users/Alex/Projects/ruby/Lightbox/lib/models/room.rb": [
        1,
        1,
        null,
        1,
        1,
        1,
        null,
        1,
        1,
        null,
        null
      ]
    },
    "timestamp": 1423229675
  }
}
